materialPath: D:\Program Files (x86)\Steam\steamapps\common\GarrysMod\garrysmod\materials
Loading d:\github\rp_gao_v2\rp_gao_v2.vmf
ConVarRef mat_reduceparticles doesn't point to an existing ConVar
Patching WVT material: maps/rp_gao_v2/zaton/zaton_grass_sosnodub_wvt_patch
Patching WVT material: maps/rp_gao_v2/zaton/zaton_asphalt_asphalt_wvt_patch
Patching WVT material: maps/rp_gao_v2/fallout/base2&dirtwasteland01_wvt_patch
Patching WVT material: maps/rp_gao_v2/fallout/base2&rockcanyonrubble01_wvt_patch
Patching WVT material: maps/rp_gao_v2/fallout/base2&nv_rockformations_01_d_wvt_patch
Patching WVT material: maps/rp_gao_v2/fallout/base2&dirtpathwasteland01_wvt_patch
Patching WVT material: maps/rp_gao_v2/nature/blenddirtgrass001b_wvt_patch
fixing up env_cubemap materials on brush sides...
0...1...2...3...4...5...6...7...8...9...100...1...2...3...4...5...6...7...8...9...10Processing areas...done (0)
Building Faces...done (0)
Chop Details...done (0)
Find Visible Detail Sides...
Merged 1884 detail faces...done (1)
Merging details...done (0)
FixTjuncs...
PruneNodes...
WriteBSP...
done (5)
writing d:\github\rp_gao_v2\rp_gao_v2.prt...Building visibility clusters...
done (0)
Creating default LDR cubemaps for env_cubemap using skybox materials:
   skybox/militia_hdr*.vmt
 ! Run buildcubemaps in the engine to get the correct cube maps.
Creating default HDR cubemaps for env_cubemap using skybox materials:
   skybox/militia_hdr*.vmt
 ! Run buildcubemaps in the engine to get the correct cube maps.
Finding displacement neighbors...
Finding lightmap sample positions...
Displacement Alpha : 0...1...2...3...4...5...6...7...8...9...10
Building Physics collision data...
done (4) (2352023 bytes)
Placing detail props : 0...1...2...3...4...5...6...7...8...9...10
Compacting texture/material tables...
Reduced 10337 texinfos to 7800
Reduced 434 texdatas to 388 (14536 bytes to 12653)
Writing d:\github\rp_gao_v2\rp_gao_v2.bsp
43 seconds elapsed



8 threads
reading d:\github\rp_gao_v2\rp_gao_v2.bsp
reading d:\github\rp_gao_v2\rp_gao_v2.prt
2052 portalclusters
5520 numportals
0...1...2...3...4...5...6...7...8...9...100...1...2...3...4...5...6...7...8...9...10Optimized: 5440 visible clusters (0.96%)
Total clusters visible: 568324
Average clusters visible: 276
Building PAS...
Average clusters audible: 1557
visdatasize:672341  compressed from 1083456
writing d:\github\rp_gao_v2\rp_gao_v2.bsp
1 minute, 0 seconds elapsed



[Reading texlights from 'lights.rad']
[45 texlights parsed from 'lights.rad']

Loading d:\github\rp_gao_v2\rp_gao_v2.bsp
PREP OK
Patch Sample Radius Clamped!
Patch Sample Radius Clamped!
25149 faces
14 degenerate faces
14234607 square feet [2049783424.00 square inches]
463 Displacements
6520635 Square Feet [938971456.00 Square Inches]
25135 patches before subdivision
Zero area child patch at around 12511.851563 -9953.049805 -887.669373
Zero area child patch at around 2175.986084 1294.306030 -1256.133667
279715 patches after subdivision
113 direct lights
0...1...2...3...4...5...6...7...8...9...100...1...2...3...4...5...6...7...8...9...10transfers 24930498, max 3950
transfer lists: 190.2 megs
0...1...2...3...4...5...6...7...8...9...10	Bounce #1 added RGB(106324, 114817, 117405)
0...1...2...3...4...5...6...7...8...9...10	Bounce #2 added RGB(16175, 15361, 12135)
0...1...2...3...4...5...6...7...8...9...10	Bounce #3 added RGB(3850, 3410, 2186)
0...1...2...3...4...5...6...7...8...9...10	Bounce #4 added RGB(902, 766, 410)
0...1...2...3...4...5...6...7...8...9...10	Bounce #5 added RGB(231, 188, 84)
0...1...2...3...4...5...6...7...8...9...10	Bounce #6 added RGB(58, 45, 17)
0...1...2...3...4...5...6...7...8...9...10	Bounce #7 added RGB(15, 11, 4)
0...1...2...3...4...5...6...7...8...9...10	Bounce #8 added RGB(4, 3, 1)
0...1...2...3...4...5...6...7...8...9...10	Bounce #9 added RGB(1, 1, 0)
0...1...2...3...4...5...6...7...8...9...10	Bounce #10 added RGB(0, 0, 0)
Build Patch/Sample Hash Table(s).....Done<0.2793 sec>
0...1...2...3...4...5...6...7...8...9...10FinalLightFace Done
Computing detail prop lighting : 0...1...2...3...4...5...6...7...8...9...10
0 of 0 (0% of) surface lights went in leaf ambient cubes.
0...1...2...3...4...5...6...7...8...9...10Writing leaf ambient...done
Ready to Finish

Object names       Objects/Maxobjs  Memory / Maxmem  Fullness 
------------       ---------------  ---------------  -------- 
models                 192/4096         9216/196608   ( 4.7%) 
brushes               6635/16384       79620/196608   (40.5%) 
brushsides           48533/163840     388264/1310720  (29.6%) 
planes               28748/65536      574960/1310720  (43.9%) 
vertexes             44957/65536      539484/786432   (68.6%) 
nodes                 9747/65536      311904/2097152  (14.9%) 
texinfos              7800/12288      561600/884736   (63.5%) 
texdata                388/2048        12416/65536    (18.9%) 
dispinfos              463/0           81488/0        ( 0.0%) 
disp_verts           30391/0          607820/0        ( 0.0%) 
disp_tris            47072/0           94144/0        ( 0.0%) 
disp_lmsamples     1797516/0         1797516/0        ( 0.0%) 
faces                25149/65536     1408344/3670016  (38.4%) 
hdr faces                0/65536           0/3670016  ( 0.0%) 
origfaces            19541/65536     1094296/3670016  (29.8%) 
leaves                9940/65536      318080/2097152  (15.2%) 
leaffaces            28933/65536       57866/131072   (44.1%) 
leafbrushes          13554/65536       27108/131072   (20.7%) 
areas                   18/1024          144/8192     ( 1.8%) 
surfedges           206873/512000     827492/2048000  (40.4%) 
edges               130770/256000     523080/1024000  (51.1%) 
LDR worldlights        113/8192         9944/720896   ( 1.4%) 
HDR worldlights          0/8192            0/720896   ( 0.0%) 
leafwaterdata            6/32768          72/393216   ( 0.0%) 
waterstrips           2838/32768       28380/327680   ( 8.7%) 
waterverts               0/65536           0/786432   ( 0.0%) 
waterindices         58887/65536      117774/131072   (89.9%) VERY FULL!
cubemapsamples           5/1024           80/16384    ( 0.5%) 
overlays               113/1024        39776/360448   (11.0%) 
LDR lightdata         [variable]    36370032/0        ( 0.0%) 
HDR lightdata         [variable]           0/0        ( 0.0%) 
visdata               [variable]      672341/16777216 ( 4.0%) 
entdata               [variable]      413516/393216   (105.2%) VERY FULL!
LDR ambient table     9940/65536       39760/262144   (15.2%) 
HDR ambient table     9940/65536       39760/262144   (15.2%) 
LDR leaf ambient     33081/65536      926268/1835008  (50.5%) 
HDR leaf ambient      9940/65536      278320/1835008  (15.2%) 
occluders                0/0               0/0        ( 0.0%) 
occluder polygons        0/0               0/0        ( 0.0%) 
occluder vert ind        0/0               0/0        ( 0.0%) 
detail props          [variable]           1/1378932  ( 0.0%) 
dtl prp lght          [variable]           1/132579   ( 0.0%) 
HDR dtl prp lght      [variable]           1/4        (25.0%) 
static props          [variable]           1/247454   ( 0.0%) 
pakfile               [variable]      550933/0        ( 0.0%) 
physics               [variable]     2352023/4194304  (56.1%) 
physics terrain       [variable]      133377/1048576  (12.7%) 

Level flags = 0

Total triangle count: 77492
Writing d:\github\rp_gao_v2\rp_gao_v2.bsp
12 minutes, 47 seconds elapsed



[Reading texlights from 'lights.rad']
[45 texlights parsed from 'lights.rad']

Loading d:\github\rp_gao_v2\rp_gao_v2.bsp
PREP OK
Patch Sample Radius Clamped!
Patch Sample Radius Clamped!
25149 faces
14 degenerate faces
14234607 square feet [2049783424.00 square inches]
463 Displacements
6520635 Square Feet [938971456.00 Square Inches]
25135 patches before subdivision
Zero area child patch at around 12511.851563 -9953.049805 -887.669373
Zero area child patch at around 2175.986084 1294.306030 -1256.133667
279715 patches after subdivision
113 direct lights
0...1...2...3...4...5...6...7...8...9...100...1...2...3...4...5...6...7...8...9...10transfers 24930498, max 3950
transfer lists: 190.2 megs
0...1...2...3...4...5...6...7...8...9...10	Bounce #1 added RGB(106324, 114816, 117405)
0...1...2...3...4...5...6...7...8...9...10	Bounce #2 added RGB(16175, 15361, 12135)
0...1...2...3...4...5...6...7...8...9...10	Bounce #3 added RGB(3850, 3410, 2186)
0...1...2...3...4...5...6...7...8...9...10	Bounce #4 added RGB(902, 766, 410)
0...1...2...3...4...5...6...7...8...9...10	Bounce #5 added RGB(231, 188, 84)
0...1...2...3...4...5...6...7...8...9...10	Bounce #6 added RGB(58, 45, 17)
0...1...2...3...4...5...6...7...8...9...10	Bounce #7 added RGB(15, 11, 4)
0...1...2...3...4...5...6...7...8...9...10	Bounce #8 added RGB(4, 3, 1)
0...1...2...3...4...5...6...7...8...9...10	Bounce #9 added RGB(1, 1, 0)
0...1...2...3...4...5...6...7...8...9...10	Bounce #10 added RGB(0, 0, 0)
Build Patch/Sample Hash Table(s).....Done<0.2407 sec>
0...1...2...3...4...5...6...7...8...9...10FinalLightFace Done
Computing detail prop lighting : 0...1...2...3...4...5...6...7...8...9...10
0 of 0 (0% of) surface lights went in leaf ambient cubes.
0...1...2...3...4...5...6...7...8...9...10Writing leaf ambient...done
Ready to Finish

Object names       Objects/Maxobjs  Memory / Maxmem  Fullness 
------------       ---------------  ---------------  -------- 
models                 192/4096         9216/196608   ( 4.7%) 
brushes               6635/16384       79620/196608   (40.5%) 
brushsides           48533/163840     388264/1310720  (29.6%) 
planes               28748/65536      574960/1310720  (43.9%) 
vertexes             44957/65536      539484/786432   (68.6%) 
nodes                 9747/65536      311904/2097152  (14.9%) 
texinfos              7800/12288      561600/884736   (63.5%) 
texdata                388/2048        12416/65536    (18.9%) 
dispinfos              463/0           81488/0        ( 0.0%) 
disp_verts           30391/0          607820/0        ( 0.0%) 
disp_tris            47072/0           94144/0        ( 0.0%) 
disp_lmsamples     1797516/0         1797516/0        ( 0.0%) 
faces                25149/65536     1408344/3670016  (38.4%) 
hdr faces            25149/65536     1408344/3670016  (38.4%) 
origfaces            19541/65536     1094296/3670016  (29.8%) 
leaves                9940/65536      318080/2097152  (15.2%) 
leaffaces            28933/65536       57866/131072   (44.1%) 
leafbrushes          13554/65536       27108/131072   (20.7%) 
areas                   18/1024          144/8192     ( 1.8%) 
surfedges           206873/512000     827492/2048000  (40.4%) 
edges               130770/256000     523080/1024000  (51.1%) 
LDR worldlights        113/8192         9944/720896   ( 1.4%) 
HDR worldlights        113/8192         9944/720896   ( 1.4%) 
leafwaterdata            6/32768          72/393216   ( 0.0%) 
waterstrips           2838/32768       28380/327680   ( 8.7%) 
waterverts               0/65536           0/786432   ( 0.0%) 
waterindices         58887/65536      117774/131072   (89.9%) VERY FULL!
cubemapsamples           5/1024           80/16384    ( 0.5%) 
overlays               113/1024        39776/360448   (11.0%) 
LDR lightdata         [variable]    36370032/0        ( 0.0%) 
HDR lightdata         [variable]    36370032/0        ( 0.0%) 
visdata               [variable]      672341/16777216 ( 4.0%) 
entdata               [variable]      413516/393216   (105.2%) VERY FULL!
LDR ambient table     9940/65536       39760/262144   (15.2%) 
HDR ambient table     9940/65536       39760/262144   (15.2%) 
LDR leaf ambient     33081/65536      926268/1835008  (50.5%) 
HDR leaf ambient     33081/65536      926268/1835008  (50.5%) 
occluders                0/0               0/0        ( 0.0%) 
occluder polygons        0/0               0/0        ( 0.0%) 
occluder vert ind        0/0               0/0        ( 0.0%) 
detail props          [variable]           1/1378932  ( 0.0%) 
dtl prp lght          [variable]           1/132579   ( 0.0%) 
HDR dtl prp lght      [variable]           1/132579   ( 0.0%) 
static props          [variable]           1/247454   ( 0.0%) 
pakfile               [variable]      550933/0        ( 0.0%) 
physics               [variable]     2352023/4194304  (56.1%) 
physics terrain       [variable]      133377/1048576  (12.7%) 

Level flags = 0

Total triangle count: 77492
Writing d:\github\rp_gao_v2\rp_gao_v2.bsp
13 minutes, 10 seconds elapsed
